2022/03/10 17:26:08 {"callers":["D:/Software/Golang/GoProject/src/go-programming-tour-book/blog-service/main.go: 23 main.init.0"],"level":"info","message":"eddycjy: go-programming-tour-book/blog-service","time":1646904368906688100}
2022/03/10 19:51:36 {"callers":["D:/Software/Golang/GoProject/src/go-programming-tour-book/blog-service/main.go: 23 main.init.0"],"level":"info","message":"eddycjy: go-programming-tour-book/blog-service","time":1646913096547505400}
2022/03/13 20:01:07 {"callers":["D:/Software/Golang/GoProject/src/go-programming-tour-book/blog-service/main.go: 23 main.init.0"],"level":"error","message":"app.BindAndValid errs: [CreatedBy为必填字段]","time":1647172867356002100}
2022/03/13 20:01:16 {"callers":["D:/Software/Golang/GoProject/src/go-programming-tour-book/blog-service/main.go: 23 main.init.0"],"level":"error","message":"app.BindAndValid errs: [CreatedBy为必填字段]","time":1647172876799141900}
2022/03/13 20:01:22 {"callers":["D:/Software/Golang/GoProject/src/go-programming-tour-book/blog-service/main.go: 23 main.init.0"],"level":"error","message":"app.BindAndValid errs: [CreatedBy为必填字段]","time":1647172882098970900}
2022/03/13 20:11:14 {"callers":["D:/Software/Golang/GoProject/src/go-programming-tour-book/blog-service/main.go: 23 main.init.0"],"level":"error","message":"svc.CreateTag err: Error 1054: Unknown column 'created_by' in 'field list'","time":1647173474782513500}
2022/03/13 20:13:40 {"callers":["D:/Software/Golang/GoProject/src/go-programming-tour-book/blog-service/main.go: 23 main.init.0"],"level":"error","message":"svc.CreateTag err: Error 1054: Unknown column 'created_by' in 'field list'","time":1647173620512744500}
2022/03/13 21:00:55 {"callers":["D:/Software/Golang/GoProject/src/go-programming-tour-book/blog-service/main.go: 23 main.init.0"],"level":"error","message":"app.BindAndValid errs: [Name长度必须至少为3个字符 State为必填字段 ModifiedBy长度必须至少为3个字符]","time":1647176455388008700}
2022/03/13 21:01:06 {"callers":["D:/Software/Golang/GoProject/src/go-programming-tour-book/blog-service/main.go: 23 main.init.0"],"level":"error","message":"app.BindAndValid errs: [Name长度必须至少为3个字符 State为必填字段]","time":1647176466668659300}
2022/03/13 21:01:23 {"callers":["D:/Software/Golang/GoProject/src/go-programming-tour-book/blog-service/main.go: 23 main.init.0"],"level":"error","message":"app.BindAndValid errs: [Name长度必须至少为3个字符]","time":1647176483891839800}
2022/03/13 21:01:36 {"callers":["D:/Software/Golang/GoProject/src/go-programming-tour-book/blog-service/main.go: 23 main.init.0"],"level":"error","message":"app.BindAndValid errs: [Name长度必须至少为3个字符]","time":1647176496486128200}
2022/03/13 21:02:02 {"callers":["D:/Software/Golang/GoProject/src/go-programming-tour-book/blog-service/main.go: 23 main.init.0"],"level":"error","message":"app.BindAndValid errs: [Name长度必须至少为3个字符]","time":1647176522341224900}
2022/03/13 21:02:17 {"callers":["D:/Software/Golang/GoProject/src/go-programming-tour-book/blog-service/main.go: 23 main.init.0"],"level":"error","message":"app.BindAndValid errs: [Name长度必须至少为3个字符 State为必填字段]","time":1647176537852724200}
2022/03/13 21:05:10 {"callers":["D:/Software/Golang/GoProject/src/go-programming-tour-book/blog-service/main.go: 23 main.init.0"],"level":"error","message":"app.BindAndValid errs: [Name长度必须至少为3个字符 State为必填字段]","time":1647176710845980600}
2022/03/13 21:05:38 {"callers":["D:/Software/Golang/GoProject/src/go-programming-tour-book/blog-service/main.go: 23 main.init.0"],"level":"error","message":"app.BindAndValid errs: [Name长度必须至少为3个字符 State为必填字段]","time":1647176738141548500}
2022/03/13 21:12:21 {"callers":["D:/Software/Golang/GoProject/src/go-programming-tour-book/blog-service/main.go: 23 main.init.0"],"level":"error","message":"app.BindAndValid errs: [Name长度必须至少为3个字符 State为必填字段]","time":1647177141458473400}
2022/03/13 21:13:23 {"callers":["D:/Software/Golang/GoProject/src/go-programming-tour-book/blog-service/main.go: 23 main.init.0"],"level":"error","message":"app.BindAndValid errs: [State为必填字段]","time":1647177203345199400}
2022/03/13 21:14:24 {"callers":["D:/Software/Golang/GoProject/src/go-programming-tour-book/blog-service/main.go: 23 main.init.0"],"level":"error","message":"app.BindAndValid errs: [State为必填字段]","time":1647177264329721700}
2022/03/13 21:14:31 {"callers":["D:/Software/Golang/GoProject/src/go-programming-tour-book/blog-service/main.go: 23 main.init.0"],"level":"error","message":"app.BindAndValid errs: [State为必填字段 ModifiedBy长度必须至少为3个字符]","time":1647177271952321000}
2022/03/13 21:14:36 {"callers":["D:/Software/Golang/GoProject/src/go-programming-tour-book/blog-service/main.go: 23 main.init.0"],"level":"error","message":"app.BindAndValid errs: [State为必填字段]","time":1647177276459448900}
2022/03/13 21:15:06 {"callers":["D:/Software/Golang/GoProject/src/go-programming-tour-book/blog-service/main.go: 23 main.init.0"],"level":"error","message":"app.BindAndValid errs: [State为必填字段]","time":1647177306316796000}
2022/03/24 13:15:34 {"callers":["D:/Software/Golang/GoProject/src/go-programming-tour-book/blog-service/main.go: 23 main.init.0"],"level":"error","message":"app.BindAndValid errs: [Desc长度必须至少为2个字符 Content为必填字段 CoverImageUrl必须是一个有效的URL]","time":1648098934349486100}
2022/03/24 13:16:56 {"callers":["D:/Software/Golang/GoProject/src/go-programming-tour-book/blog-service/main.go: 23 main.init.0"],"level":"error","message":"app.BindAndValid errs: [Content为必填字段]","time":1648099016686376300}
